  window_useconst.cpp
D:\용균\프로그래밍\CV - Disparity map\Disp\Disp\window_useconst.cpp(52,43): warning C4244: '=': 'double'에서 '_Tp'(으)로 변환하면서 데이터가 손실될 수 있습니다.
          with
          [
              _Tp=uchar
          ]
D:\용균\프로그래밍\CV - Disparity map\Disp\Disp\window_useconst.cpp(53,14): warning C4244: '=': 'double'에서 'int'(으)로 변환하면서 데이터가 손실될 수 있습니다.
D:\용균\프로그래밍\CV - Disparity map\Disp\Disp\window_useconst.cpp(58,21): warning C4244: '=': 'double'에서 'float'(으)로 변환하면서 데이터가 손실될 수 있습니다.
D:\용균\프로그래밍\CV - Disparity map\Disp\Disp\window_useconst.cpp(308,44): warning C4244: '=': 'double'에서 'uchar'(으)로 변환하면서 데이터가 손실될 수 있습니다.
D:\용균\프로그래밍\CV - Disparity map\Disp\Disp\window_useconst.cpp(313,15): warning C4244: '초기화 중': 'double'에서 'int'(으)로 변환하면서 데이터가 손실될 수 있습니다.
D:\용균\프로그래밍\CV - Disparity map\Disp\Disp\window_useconst.cpp(314,15): warning C4244: '초기화 중': 'double'에서 'int'(으)로 변환하면서 데이터가 손실될 수 있습니다.
D:\용균\프로그래밍\CV - Disparity map\Disp\Disp\window_useconst.cpp(315,15): warning C4244: '초기화 중': 'double'에서 'int'(으)로 변환하면서 데이터가 손실될 수 있습니다.
D:\용균\프로그래밍\CV - Disparity map\Disp\Disp\window_useconst.cpp(327,13): warning C4244: '초기화 중': 'double'에서 'int'(으)로 변환하면서 데이터가 손실될 수 있습니다.
D:\용균\프로그래밍\CV - Disparity map\Disp\Disp\window_useconst.cpp(328,13): warning C4244: '초기화 중': 'double'에서 'int'(으)로 변환하면서 데이터가 손실될 수 있습니다.
D:\용균\프로그래밍\CV - Disparity map\Disp\Disp\window_useconst.cpp(329,13): warning C4244: '초기화 중': 'double'에서 'int'(으)로 변환하면서 데이터가 손실될 수 있습니다.
D:\용균\프로그래밍\CV - Disparity map\Disp\Disp\window_useconst.cpp(377,49): warning C4101: 'dir' :참조되지 않은 지역 변수입니다.
  코드를 생성하고 있습니다.
  0 of 312 functions ( 0.0%) were compiled, the rest were copied from previous compilation.
    0 functions were new in current compilation
    0 functions had inline decision re-evaluated but remain unchanged
  코드를 생성했습니다.
  Disp.vcxproj -> D:\용균\프로그래밍\CV - Disparity map\Disp\x64\Release\Disp.exe
