d:\용균\프로그래밍\컴퓨터 비젼\disp\disp\x64\debug\vc142.pdb
d:\용균\프로그래밍\컴퓨터 비젼\disp\disp\x64\debug\vc142.idb
d:\용균\프로그래밍\컴퓨터 비젼\disp\disp\x64\debug\55padding_color.obj
d:\용균\프로그래밍\컴퓨터 비젼\disp\disp\x64\debug\55padding_color_useconst.obj
d:\용균\프로그래밍\컴퓨터 비젼\disp\disp\x64\debug\55padding_color_useconst_2.obj
d:\용균\프로그래밍\컴퓨터 비젼\disp\disp\x64\debug\55padding - color -useconst.obj
d:\용균\프로그래밍\컴퓨터 비젼\disp\disp\x64\debug\55padding - color.obj
d:\용균\프로그래밍\컴퓨터 비젼\disp\disp\x64\debug\55padding - gray.obj
d:\용균\프로그래밍\컴퓨터 비젼\disp\disp\x64\debug\55padding.obj
d:\용균\프로그래밍\컴퓨터 비젼\disp\disp\x64\debug\55padding_color_useconst1.obj
d:\용균\프로그래밍\컴퓨터 비젼\disp\disp\x64\debug\55padding_color_useconst2.obj
d:\용균\프로그래밍\컴퓨터 비젼\disp\disp\x64\debug\non-padding.obj
d:\용균\프로그래밍\컴퓨터 비젼\disp\disp\x64\debug\opencl 예제.obj
d:\용균\프로그래밍\컴퓨터 비젼\disp\disp\x64\debug\opencv.obj
d:\용균\프로그래밍\컴퓨터 비젼\disp\disp\x64\debug\padding_gray.obj
d:\용균\프로그래밍\컴퓨터 비젼\disp\x64\debug\disp.pdb
d:\용균\프로그래밍\컴퓨터 비젼\disp\x64\debug\disp.exe
d:\용균\프로그래밍\컴퓨터 비젼\disp\x64\debug\disp.ilk
d:\용균\프로그래밍\컴퓨터 비젼\disp\disp\x64\debug\disp.tlog\cl.command.1.tlog
d:\용균\프로그래밍\컴퓨터 비젼\disp\disp\x64\debug\disp.tlog\cl.read.1.tlog
d:\용균\프로그래밍\컴퓨터 비젼\disp\disp\x64\debug\disp.tlog\cl.write.1.tlog
d:\용균\프로그래밍\컴퓨터 비젼\disp\disp\x64\debug\disp.tlog\link.command.1.tlog
d:\용균\프로그래밍\컴퓨터 비젼\disp\disp\x64\debug\disp.tlog\link.read.1.tlog
d:\용균\프로그래밍\컴퓨터 비젼\disp\disp\x64\debug\disp.tlog\link.write.1.tlog
